c:\onedrive\documents\visual studio 2017\projects\cloud\cloudtcpforwarderserver\debug\cloudtcpforwarderserver.pch
c:\onedrive\documents\visual studio 2017\projects\cloud\cloudtcpforwarderserver\debug\vc141.pdb
c:\onedrive\documents\visual studio 2017\projects\cloud\cloudtcpforwarderserver\debug\vc141.idb
c:\onedrive\documents\visual studio 2017\projects\cloud\cloudtcpforwarderserver\debug\stdafx.obj
c:\onedrive\documents\visual studio 2017\projects\cloud\cloudtcpforwarderserver\debug\cloudtcpforwarderserver.obj
c:\onedrive\documents\visual studio 2017\projects\cloud\cloudtcpforwarderserver\debug\tcp_server.obj
c:\onedrive\documents\visual studio 2017\projects\cloud\cloudtcpforwarderserver\debug\tcp_server_agent.obj
c:\onedrive\documents\visual studio 2017\projects\cloud\cloudtcpforwarderserver\debug\logs.obj
c:\onedrive\documents\visual studio 2017\projects\cloud\debug\cloudtcpforwarderserver.exe
c:\onedrive\documents\visual studio 2017\projects\cloud\debug\cloudtcpforwarderserver.ilk
c:\onedrive\documents\visual studio 2017\projects\cloud\debug\cloudtcpforwarderserver.pdb
c:\onedrive\documents\visual studio 2017\projects\cloud\cloudtcpforwarderserver\debug\cloudtcpforwarderserver.res
c:\onedrive\documents\visual studio 2017\projects\cloud\cloudtcpforwarderserver\debug\tcp_server_agent.obj.enc
c:\onedrive\documents\visual studio 2017\projects\cloud\cloudtcpforwarderserver\debug\cloudtcp.f8ec067e.tlog\cl.command.1.tlog
c:\onedrive\documents\visual studio 2017\projects\cloud\cloudtcpforwarderserver\debug\cloudtcp.f8ec067e.tlog\cl.read.1.tlog
c:\onedrive\documents\visual studio 2017\projects\cloud\cloudtcpforwarderserver\debug\cloudtcp.f8ec067e.tlog\cl.write.1.tlog
c:\onedrive\documents\visual studio 2017\projects\cloud\cloudtcpforwarderserver\debug\cloudtcp.f8ec067e.tlog\link.command.1.tlog
c:\onedrive\documents\visual studio 2017\projects\cloud\cloudtcpforwarderserver\debug\cloudtcp.f8ec067e.tlog\link.read.1.tlog
c:\onedrive\documents\visual studio 2017\projects\cloud\cloudtcpforwarderserver\debug\cloudtcp.f8ec067e.tlog\link.write.1.tlog
c:\onedrive\documents\visual studio 2017\projects\cloud\cloudtcpforwarderserver\debug\cloudtcp.f8ec067e.tlog\rc.command.1.tlog
c:\onedrive\documents\visual studio 2017\projects\cloud\cloudtcpforwarderserver\debug\cloudtcp.f8ec067e.tlog\rc.read.1.tlog
c:\onedrive\documents\visual studio 2017\projects\cloud\cloudtcpforwarderserver\debug\cloudtcp.f8ec067e.tlog\rc.write.1.tlog
